[0.167s] DEBUG:colcon:Command line arguments: ['/usr/bin/colcon', 'build', '--packages-select', 'Planner', 'serial_bridge', 'feedback_control']
[0.167s] DEBUG:colcon:Parsed command line arguments: Namespace(log_base=None, log_level=None, verb_name='build', build_base='build', install_base='install', merge_install=False, symlink_install=False, test_result_base=None, continue_on_error=False, executor='parallel', parallel_workers=4, event_handlers=None, ignore_user_meta=False, metas=['./colcon.meta'], base_paths=['.'], packages_ignore=None, packages_ignore_regex=None, paths=None, packages_up_to=None, packages_up_to_regex=None, packages_above=None, packages_above_and_dependencies=None, packages_above_depth=None, packages_select_by_dep=None, packages_skip_by_dep=None, packages_skip_up_to=None, packages_select_build_failed=False, packages_skip_build_finished=False, packages_select_test_failures=False, packages_skip_test_passed=False, packages_select=['Planner', 'serial_bridge', 'feedback_control'], packages_skip=None, packages_select_regex=None, packages_skip_regex=None, packages_start=None, packages_end=None, allow_overriding=[], cmake_args=None, cmake_target=None, cmake_target_skip_unavailable=False, cmake_clean_cache=False, cmake_clean_first=False, cmake_force_configure=False, ament_cmake_args=None, catkin_cmake_args=None, catkin_skip_building_tests=False, verb_parser=<colcon_defaults.argument_parser.defaults.DefaultArgumentsDecorator object at 0x771ae711f4c0>, verb_extension=<colcon_core.verb.build.BuildVerb object at 0x771ae72d0a60>, main=<bound method BuildVerb.main of <colcon_core.verb.build.BuildVerb object at 0x771ae72d0a60>>)
[0.394s] Level 1:colcon.colcon_core.package_discovery:discover_packages(colcon_meta) check parameters
[0.395s] Level 1:colcon.colcon_core.package_discovery:discover_packages(recursive) check parameters
[0.395s] Level 1:colcon.colcon_core.package_discovery:discover_packages(ignore) check parameters
[0.395s] Level 1:colcon.colcon_core.package_discovery:discover_packages(path) check parameters
[0.395s] Level 1:colcon.colcon_core.package_discovery:discover_packages(colcon_meta) discover
[0.395s] Level 1:colcon.colcon_core.package_discovery:discover_packages(recursive) discover
[0.395s] INFO:colcon.colcon_core.package_discovery:Crawling recursively for packages in '/home/tirobot/Harurobo_2025_WS/Harurobo_2025_WS/Sweave-Drive/code'
[0.395s] Level 1:colcon.colcon_core.package_identification:_identify(.) by extensions ['ignore', 'ignore_ament_install']
[0.395s] Level 1:colcon.colcon_core.package_identification:_identify(.) by extension 'ignore'
[0.395s] Level 1:colcon.colcon_core.package_identification:_identify(.) by extension 'ignore_ament_install'
[0.395s] Level 1:colcon.colcon_core.package_identification:_identify(.) by extensions ['colcon_pkg']
[0.395s] Level 1:colcon.colcon_core.package_identification:_identify(.) by extension 'colcon_pkg'
[0.395s] Level 1:colcon.colcon_core.package_identification:_identify(.) by extensions ['colcon_meta']
[0.395s] Level 1:colcon.colcon_core.package_identification:_identify(.) by extension 'colcon_meta'
[0.395s] Level 1:colcon.colcon_core.package_identification:_identify(.) by extensions ['ros']
[0.395s] Level 1:colcon.colcon_core.package_identification:_identify(.) by extension 'ros'
[0.410s] Level 1:colcon.colcon_core.package_identification:_identify(.) by extensions ['cmake', 'python']
[0.410s] Level 1:colcon.colcon_core.package_identification:_identify(.) by extension 'cmake'
[0.410s] Level 1:colcon.colcon_core.package_identification:_identify(.) by extension 'python'
[0.410s] Level 1:colcon.colcon_core.package_identification:_identify(.) by extensions ['python_setup_py']
[0.410s] Level 1:colcon.colcon_core.package_identification:_identify(.) by extension 'python_setup_py'
[0.410s] Level 1:colcon.colcon_core.package_identification:_identify(build) by extensions ['ignore', 'ignore_ament_install']
[0.410s] Level 1:colcon.colcon_core.package_identification:_identify(build) by extension 'ignore'
[0.410s] Level 1:colcon.colcon_core.package_identification:_identify(build) ignored
[0.411s] Level 1:colcon.colcon_core.package_identification:_identify(include) by extensions ['ignore', 'ignore_ament_install']
[0.411s] Level 1:colcon.colcon_core.package_identification:_identify(include) by extension 'ignore'
[0.411s] Level 1:colcon.colcon_core.package_identification:_identify(include) by extension 'ignore_ament_install'
[0.411s] Level 1:colcon.colcon_core.package_identification:_identify(include) by extensions ['colcon_pkg']
[0.411s] Level 1:colcon.colcon_core.package_identification:_identify(include) by extension 'colcon_pkg'
[0.411s] Level 1:colcon.colcon_core.package_identification:_identify(include) by extensions ['colcon_meta']
[0.411s] Level 1:colcon.colcon_core.package_identification:_identify(include) by extension 'colcon_meta'
[0.411s] Level 1:colcon.colcon_core.package_identification:_identify(include) by extensions ['ros']
[0.411s] Level 1:colcon.colcon_core.package_identification:_identify(include) by extension 'ros'
[0.411s] Level 1:colcon.colcon_core.package_identification:_identify(include) by extensions ['cmake', 'python']
[0.411s] Level 1:colcon.colcon_core.package_identification:_identify(include) by extension 'cmake'
[0.411s] Level 1:colcon.colcon_core.package_identification:_identify(include) by extension 'python'
[0.411s] Level 1:colcon.colcon_core.package_identification:_identify(include) by extensions ['python_setup_py']
[0.411s] Level 1:colcon.colcon_core.package_identification:_identify(include) by extension 'python_setup_py'
[0.412s] Level 1:colcon.colcon_core.package_identification:_identify(install) by extensions ['ignore', 'ignore_ament_install']
[0.412s] Level 1:colcon.colcon_core.package_identification:_identify(install) by extension 'ignore'
[0.412s] Level 1:colcon.colcon_core.package_identification:_identify(install) ignored
[0.412s] Level 1:colcon.colcon_core.package_identification:_identify(lib) by extensions ['ignore', 'ignore_ament_install']
[0.412s] Level 1:colcon.colcon_core.package_identification:_identify(lib) by extension 'ignore'
[0.412s] Level 1:colcon.colcon_core.package_identification:_identify(lib) by extension 'ignore_ament_install'
[0.412s] Level 1:colcon.colcon_core.package_identification:_identify(lib) by extensions ['colcon_pkg']
[0.412s] Level 1:colcon.colcon_core.package_identification:_identify(lib) by extension 'colcon_pkg'
[0.412s] Level 1:colcon.colcon_core.package_identification:_identify(lib) by extensions ['colcon_meta']
[0.412s] Level 1:colcon.colcon_core.package_identification:_identify(lib) by extension 'colcon_meta'
[0.412s] Level 1:colcon.colcon_core.package_identification:_identify(lib) by extensions ['ros']
[0.412s] Level 1:colcon.colcon_core.package_identification:_identify(lib) by extension 'ros'
[0.412s] Level 1:colcon.colcon_core.package_identification:_identify(lib) by extensions ['cmake', 'python']
[0.412s] Level 1:colcon.colcon_core.package_identification:_identify(lib) by extension 'cmake'
[0.413s] Level 1:colcon.colcon_core.package_identification:_identify(lib) by extension 'python'
[0.413s] Level 1:colcon.colcon_core.package_identification:_identify(lib) by extensions ['python_setup_py']
[0.413s] Level 1:colcon.colcon_core.package_identification:_identify(lib) by extension 'python_setup_py'
[0.413s] Level 1:colcon.colcon_core.package_identification:_identify(log) by extensions ['ignore', 'ignore_ament_install']
[0.413s] Level 1:colcon.colcon_core.package_identification:_identify(log) by extension 'ignore'
[0.413s] Level 1:colcon.colcon_core.package_identification:_identify(log) ignored
[0.413s] Level 1:colcon.colcon_core.package_identification:_identify(src) by extensions ['ignore', 'ignore_ament_install']
[0.413s] Level 1:colcon.colcon_core.package_identification:_identify(src) by extension 'ignore'
[0.413s] Level 1:colcon.colcon_core.package_identification:_identify(src) by extension 'ignore_ament_install'
[0.413s] Level 1:colcon.colcon_core.package_identification:_identify(src) by extensions ['colcon_pkg']
[0.413s] Level 1:colcon.colcon_core.package_identification:_identify(src) by extension 'colcon_pkg'
[0.413s] Level 1:colcon.colcon_core.package_identification:_identify(src) by extensions ['colcon_meta']
[0.413s] Level 1:colcon.colcon_core.package_identification:_identify(src) by extension 'colcon_meta'
[0.413s] Level 1:colcon.colcon_core.package_identification:_identify(src) by extensions ['ros']
[0.413s] Level 1:colcon.colcon_core.package_identification:_identify(src) by extension 'ros'
[0.414s] Level 1:colcon.colcon_core.package_identification:_identify(src) by extensions ['cmake', 'python']
[0.414s] Level 1:colcon.colcon_core.package_identification:_identify(src) by extension 'cmake'
[0.414s] Level 1:colcon.colcon_core.package_identification:_identify(src) by extension 'python'
[0.414s] Level 1:colcon.colcon_core.package_identification:_identify(src) by extensions ['python_setup_py']
[0.414s] Level 1:colcon.colcon_core.package_identification:_identify(src) by extension 'python_setup_py'
[0.414s] Level 1:colcon.colcon_core.package_identification:_identify(test) by extensions ['ignore', 'ignore_ament_install']
[0.414s] Level 1:colcon.colcon_core.package_identification:_identify(test) by extension 'ignore'
[0.414s] Level 1:colcon.colcon_core.package_identification:_identify(test) by extension 'ignore_ament_install'
[0.414s] Level 1:colcon.colcon_core.package_identification:_identify(test) by extensions ['colcon_pkg']
[0.414s] Level 1:colcon.colcon_core.package_identification:_identify(test) by extension 'colcon_pkg'
[0.414s] Level 1:colcon.colcon_core.package_identification:_identify(test) by extensions ['colcon_meta']
[0.414s] Level 1:colcon.colcon_core.package_identification:_identify(test) by extension 'colcon_meta'
[0.414s] Level 1:colcon.colcon_core.package_identification:_identify(test) by extensions ['ros']
[0.414s] Level 1:colcon.colcon_core.package_identification:_identify(test) by extension 'ros'
[0.414s] Level 1:colcon.colcon_core.package_identification:_identify(test) by extensions ['cmake', 'python']
[0.414s] Level 1:colcon.colcon_core.package_identification:_identify(test) by extension 'cmake'
[0.415s] Level 1:colcon.colcon_core.package_identification:_identify(test) by extension 'python'
[0.415s] Level 1:colcon.colcon_core.package_identification:_identify(test) by extensions ['python_setup_py']
[0.415s] Level 1:colcon.colcon_core.package_identification:_identify(test) by extension 'python_setup_py'
[0.415s] Level 1:colcon.colcon_core.package_discovery:discover_packages(recursive) using defaults
[0.415s] Level 1:colcon.colcon_core.package_discovery:discover_packages(ignore) discover
[0.415s] Level 1:colcon.colcon_core.package_discovery:discover_packages(ignore) using defaults
[0.415s] Level 1:colcon.colcon_core.package_discovery:discover_packages(path) discover
[0.415s] Level 1:colcon.colcon_core.package_discovery:discover_packages(path) using defaults
[0.415s] WARNING:colcon.colcon_core.package_selection:ignoring unknown package 'Planner' in --packages-select
[0.415s] WARNING:colcon.colcon_core.package_selection:ignoring unknown package 'serial_bridge' in --packages-select
[0.415s] WARNING:colcon.colcon_core.package_selection:ignoring unknown package 'feedback_control' in --packages-select
[0.453s] Level 1:colcon.colcon_core.package_discovery:discover_packages(prefix_path) check parameters
[0.453s] Level 1:colcon.colcon_core.package_discovery:discover_packages(prefix_path) discover
[0.457s] DEBUG:colcon.colcon_installed_package_information.package_discovery:Found 271 installed packages in /opt/ros/humble
[0.459s] Level 1:colcon.colcon_core.package_discovery:discover_packages(prefix_path) using defaults
[0.524s] INFO:colcon.colcon_core.executor:Executing jobs using 'parallel' executor
[0.525s] DEBUG:colcon.colcon_parallel_executor.executor.parallel:run_until_complete
[0.525s] DEBUG:colcon.colcon_parallel_executor.executor.parallel:closing loop
[0.526s] DEBUG:colcon.colcon_parallel_executor.executor.parallel:loop closed
[0.526s] DEBUG:colcon.colcon_parallel_executor.executor.parallel:run_until_complete finished with '0'
[0.526s] DEBUG:colcon.colcon_core.event_reactor:joining thread
[0.540s] INFO:colcon.colcon_core.plugin_system:Skipping extension 'colcon_notification.desktop_notification.terminal_notifier': Not used on non-Darwin systems
[0.540s] INFO:colcon.colcon_core.plugin_system:Skipping extension 'colcon_notification.desktop_notification.win32': Not used on non-Windows systems
[0.540s] INFO:colcon.colcon_notification.desktop_notification:Sending desktop notification using 'notify2'
[0.589s] DEBUG:colcon.colcon_core.event_reactor:joined thread
[0.593s] INFO:colcon.colcon_core.plugin_system:Skipping extension 'colcon_core.shell.bat': Not used on non-Windows systems
[0.593s] INFO:colcon.colcon_core.shell:Creating prefix script '/home/tirobot/Harurobo_2025_WS/Harurobo_2025_WS/Sweave-Drive/code/install/local_setup.ps1'
[0.595s] INFO:colcon.colcon_core.shell:Creating prefix util module '/home/tirobot/Harurobo_2025_WS/Harurobo_2025_WS/Sweave-Drive/code/install/_local_setup_util_ps1.py'
[0.596s] INFO:colcon.colcon_core.shell:Creating prefix chain script '/home/tirobot/Harurobo_2025_WS/Harurobo_2025_WS/Sweave-Drive/code/install/setup.ps1'
[0.598s] INFO:colcon.colcon_core.shell:Creating prefix script '/home/tirobot/Harurobo_2025_WS/Harurobo_2025_WS/Sweave-Drive/code/install/local_setup.sh'
[0.599s] INFO:colcon.colcon_core.shell:Creating prefix util module '/home/tirobot/Harurobo_2025_WS/Harurobo_2025_WS/Sweave-Drive/code/install/_local_setup_util_sh.py'
[0.599s] INFO:colcon.colcon_core.shell:Creating prefix chain script '/home/tirobot/Harurobo_2025_WS/Harurobo_2025_WS/Sweave-Drive/code/install/setup.sh'
[0.601s] INFO:colcon.colcon_core.shell:Creating prefix script '/home/tirobot/Harurobo_2025_WS/Harurobo_2025_WS/Sweave-Drive/code/install/local_setup.bash'
[0.606s] INFO:colcon.colcon_core.shell:Creating prefix chain script '/home/tirobot/Harurobo_2025_WS/Harurobo_2025_WS/Sweave-Drive/code/install/setup.bash'
[0.607s] INFO:colcon.colcon_core.shell:Creating prefix script '/home/tirobot/Harurobo_2025_WS/Harurobo_2025_WS/Sweave-Drive/code/install/local_setup.zsh'
[0.608s] INFO:colcon.colcon_core.shell:Creating prefix chain script '/home/tirobot/Harurobo_2025_WS/Harurobo_2025_WS/Sweave-Drive/code/install/setup.zsh'
